0 info it worked if it ends with ok
1 verbose cli [ 'node',
1 verbose cli   '/usr/local/bin/npm',
1 verbose cli   'install',
1 verbose cli   'git://github.com/ncawthon/resume.git' ]
2 info using npm@2.11.2
3 info using node@v0.12.4
4 verbose install initial load of /Users/nickcawthon/Documents/repos/resume/package.json
5 verbose stack Error: Failed to parse json
5 verbose stack Unexpected token 'r' at 7:21
5 verbose stack     "test": "echo "Error: job position filled" && exit 1"
5 verbose stack                     ^
5 verbose stack     at parseError (/usr/local/lib/node_modules/npm/node_modules/read-package-json/read-json.js:379:11)
5 verbose stack     at parseJson (/usr/local/lib/node_modules/npm/node_modules/read-package-json/read-json.js:68:23)
5 verbose stack     at /usr/local/lib/node_modules/npm/node_modules/read-package-json/read-json.js:48:5
5 verbose stack     at evalmachine.<anonymous>:334:14
5 verbose stack     at /usr/local/lib/node_modules/npm/node_modules/graceful-fs/graceful-fs.js:102:5
5 verbose stack     at FSReqWrap.oncomplete (evalmachine.<anonymous>:95:15)
6 verbose cwd /Users/nickcawthon/Documents/repos/resume
7 error Darwin 14.3.0
8 error argv "node" "/usr/local/bin/npm" "install" "git://github.com/ncawthon/resume.git"
9 error node v0.12.4
10 error npm  v2.11.2
11 error file /Users/nickcawthon/Documents/repos/resume/package.json
12 error code EJSONPARSE
13 error Failed to parse json
13 error Unexpected token 'r' at 7:21
13 error     "test": "echo "Error: job position filled" && exit 1"
13 error                     ^
14 error File: /Users/nickcawthon/Documents/repos/resume/package.json
15 error Failed to parse package.json data.
15 error package.json must be actual JSON, not just JavaScript.
15 error
15 error This is not a bug in npm.
15 error Tell the package author to fix their package.json file. JSON.parse
16 verbose exit [ 1, true ]
